<?xml version="1.0" encoding="UTF-8"?>
<!-- Generated by org.testng.reporters.JUnitReportReporter -->
<testsuite hostname="LAPTOP-G4CGNTVT" failures="0" tests="12" name="testNGpack2.Flag6" time="0.029" errors="0" timestamp="2023-01-21T15:05:07 IST" skipped="0">
  <testcase classname="testNGpack2.Flag6" name="ft5" time="0.001"/>
  <system-out>
    <![CDATA[Function Testing5]]>
  </system-out>
  <testcase classname="testNGpack2.Flag6" name="ft2" time="0.001"/>
  <system-out>
    <![CDATA[Function Testing2]]>
  </system-out>
  <testcase classname="testNGpack2.Flag6" name="ft4" time="0.001"/>
  <system-out>
    <![CDATA[Function Testing4]]>
  </system-out>
  <testcase classname="testNGpack2.Flag6" name="ft1" time="0.008"/>
  <system-out>
    <![CDATA[Function Testing]]>
  </system-out>
  <testcase classname="testNGpack2.Flag6" name="ft3" time="0.001"/>
  <system-out>
    <![CDATA[Function Testing3]]>
  </system-out>
  <testcase classname="testNGpack2.Flag6" name="ft6" time="0.001"/>
  <system-out>
    <![CDATA[Function Testing6]]>
  </system-out>
  <testcase classname="testNGpack2.Flag6" name="st3" time="0.002"/>
  <system-out>
    <![CDATA[System Testing3]]>
  </system-out>
  <testcase classname="testNGpack2.Flag6" name="st1" time="0.001"/>
  <system-out>
    <![CDATA[System Testing]]>
  </system-out>
  <testcase classname="testNGpack2.Flag6" name="st2" time="0.001"/>
  <system-out>
    <![CDATA[System Testing2]]>
  </system-out>
  <testcase classname="testNGpack2.Flag6" name="st4" time="0.010"/>
  <system-out>
    <![CDATA[System Testing4]]>
  </system-out>
  <testcase classname="testNGpack2.Flag6" name="st5" time="0.001"/>
  <system-out>
    <![CDATA[System Testing5]]>
  </system-out>
  <testcase classname="testNGpack2.Flag6" name="st6" time="0.001"/>
  <system-out>
    <![CDATA[System Testing6]]>
  </system-out>
</testsuite> <!-- testNGpack2.Flag6 -->
