<?xml version="1.0" encoding="UTF-8"?>
<!-- Generated by org.testng.reporters.JUnitReportReporter -->
<testsuite hostname="LAPTOP-G4CGNTVT" failures="0" tests="3" name="testNgPack.Demo" time="0.034" errors="0" timestamp="2023-01-20T13:42:28 IST" skipped="0">
  <testcase classname="testNgPack.Demo" name="demo" time="0.022"/>
  <system-out>
    <![CDATA[This is method of demo class]]>
  </system-out>
  <testcase classname="testNgPack.Demo" name="demo1" time="0.009"/>
  <system-out>
    <![CDATA[This is method of demo1 class]]>
  </system-out>
  <testcase classname="testNgPack.Demo" name="demo2" time="0.003"/>
  <system-out/>
</testsuite> <!-- testNgPack.Demo -->
