<?xml version="1.0" encoding="UTF-8"?>
<!-- Generated by org.testng.reporters.JUnitReportReporter -->
<testsuite hostname="LAPTOP-G4CGNTVT" failures="0" tests="3" name="testNgPack.Sumo" time="0.003" errors="0" timestamp="2023-01-19T15:02:17 IST" skipped="0">
  <testcase classname="testNgPack.Sumo" name="f1" time="0.000"/>
  <system-out>
    <![CDATA[from f1]]>
  </system-out>
  <testcase classname="testNgPack.Sumo" name="f2" time="0.001"/>
  <system-out>
    <![CDATA[from f2]]>
  </system-out>
  <testcase classname="testNgPack.Sumo" name="f" time="0.002"/>
  <system-out>
    <![CDATA[from f]]>
  </system-out>
</testsuite> <!-- testNgPack.Sumo -->
