<?xml version="1.0" encoding="UTF-8"?>
<!-- Generated by org.testng.reporters.JUnitReportReporter -->
<testsuite hostname="LAPTOP-G4CGNTVT" failures="0" tests="9" name="testNGpack2.NewTest1" time="0.025" errors="0" timestamp="2023-01-21T14:16:34 IST" skipped="0">
  <testcase classname="testNGpack2.NewTest1" name="i" time="0.001"/>
  <system-out>
    <![CDATA[i]]>
  </system-out>
  <testcase classname="testNGpack2.NewTest1" name="g" time="0.001"/>
  <system-out>
    <![CDATA[g]]>
  </system-out>
  <testcase classname="testNGpack2.NewTest1" name="k" time="0.001"/>
  <system-out>
    <![CDATA[k]]>
  </system-out>
  <testcase classname="testNGpack2.NewTest1" name="b" time="0.001"/>
  <system-out>
    <![CDATA[b]]>
  </system-out>
  <testcase classname="testNGpack2.NewTest1" name="a" time="0.011"/>
  <system-out>
    <![CDATA[a]]>
  </system-out>
  <testcase classname="testNGpack2.NewTest1" name="h" time="0.000"/>
  <system-out>
    <![CDATA[h]]>
  </system-out>
  <testcase classname="testNGpack2.NewTest1" name="p" time="0.001"/>
  <system-out>
    <![CDATA[p]]>
  </system-out>
  <testcase classname="testNGpack2.NewTest1" name="z" time="0.004"/>
  <system-out>
    <![CDATA[z]]>
  </system-out>
  <testcase classname="testNGpack2.NewTest1" name="m" time="0.005"/>
  <system-out>
    <![CDATA[m]]>
  </system-out>
</testsuite> <!-- testNGpack2.NewTest1 -->
