<?xml version="1.0" encoding="UTF-8"?>
<!-- Generated by org.testng.reporters.JUnitReportReporter -->
<testsuite hostname="LAPTOP-G4CGNTVT" failures="0" tests="2" name="testNGParallelExecution.TestNg4" time="0.018" errors="0" timestamp="2023-01-26T21:45:44 IST" skipped="0">
  <testcase classname="testNGParallelExecution.TestNg4" name="tomorrow" time="0.004"/>
  <system-out>
    <![CDATA[Tomorrow method1 is the thred]]>
  </system-out>
  <testcase classname="testNGParallelExecution.TestNg4" name="today" time="0.014"/>
  <system-out>
    <![CDATA[Today method1 is the thread]]>
  </system-out>
</testsuite> <!-- testNGParallelExecution.TestNg4 -->
