<?xml version="1.0" encoding="UTF-8"?>
<!-- Generated by org.testng.reporters.JUnitReportReporter -->
<testsuite hostname="LAPTOP-G4CGNTVT" failures="0" tests="1" name="testNGParallelExecution.TestNG2" time="0.015" errors="0" timestamp="2023-01-23T13:54:30 IST" skipped="0">
  <testcase classname="testNGParallelExecution.TestNG2" name="f2" time="0.015"/>
  <system-out>
    <![CDATA[m2 method, true]]>
  </system-out>
</testsuite> <!-- testNGParallelExecution.TestNG2 -->
