<?xml version="1.0" encoding="UTF-8"?>
<!-- Generated by org.testng.reporters.JUnitReportReporter -->
<testsuite hostname="LAPTOP-G4CGNTVT" failures="0" tests="2" name="takeScreenshotDynamic.BaseTest" time="1.196" errors="0" timestamp="2023-01-26T22:31:23 IST" skipped="0">
  <testcase classname="takeScreenshotDynamic.BaseTest" name="fail" time="0.003"/>
  <system-out/>
  <testcase classname="takeScreenshotDynamic.BaseTest" name="initialization" time="1.193"/>
  <system-out/>
</testsuite> <!-- takeScreenshotDynamic.BaseTest -->
