<?xml version="1.0" encoding="UTF-8"?>
<!-- Generated by org.testng.reporters.JUnitReportReporter -->
<testsuite hostname="LAPTOP-G4CGNTVT" failures="0" tests="1" name="testNG4.BaseTest" time="0.009" errors="0" timestamp="2023-01-24T14:50:20 IST" skipped="0">
  <testcase classname="testNG4.BaseTest" name="setup" time="0.009"/>
  <system-out/>
</testsuite> <!-- testNG4.BaseTest -->
