<?xml version="1.0" encoding="UTF-8"?>
<!-- Generated by org.testng.reporters.JUnitReportReporter -->
<testsuite hostname="LAPTOP-G4CGNTVT" failures="0" tests="3" name="testNGpack2.Flag2" time="0.034" errors="0" timestamp="2023-01-21T13:40:58 IST" skipped="0">
  <testcase classname="testNGpack2.Flag2" name="login" time="0.015"/>
  <system-out>
    <![CDATA[login done]]>
  </system-out>
  <testcase classname="testNGpack2.Flag2" name="logout" time="0.004"/>
  <system-out>
    <![CDATA[logout]]>
  </system-out>
  <testcase classname="testNGpack2.Flag2" name="createUser" time="0.015"/>
  <system-out>
    <![CDATA[user created]]>
  </system-out>
</testsuite> <!-- testNGpack2.Flag2 -->
