<?xml version="1.0" encoding="UTF-8"?>
<!-- Generated by org.testng.reporters.JUnitReportReporter -->
<testsuite hostname="LAPTOP-G4CGNTVT" failures="0" tests="2" name="testNGParallelExecution.TestNG3" time="0.010" errors="0" timestamp="2023-01-23T14:00:58 IST" skipped="0">
  <testcase classname="testNGParallelExecution.TestNG3" name="method1" time="0.009"/>
  <system-out>
    <![CDATA[I am method 1]]>
  </system-out>
  <testcase classname="testNGParallelExecution.TestNG3" name="method2" time="0.001"/>
  <system-out>
    <![CDATA[I am method 2]]>
  </system-out>
</testsuite> <!-- testNGParallelExecution.TestNG3 -->
