<?xml version="1.0" encoding="UTF-8"?>
<!-- Generated by org.testng.reporters.JUnitReportReporter -->
<testsuite hostname="LAPTOP-G4CGNTVT" failures="0" tests="3" name="testNgPack.Demo2" time="0.003" errors="0" timestamp="2023-01-19T15:02:17 IST" skipped="0">
  <testcase classname="testNgPack.Demo2" name="f1" time="0.001"/>
  <system-out>
    <![CDATA[from f1 method]]>
  </system-out>
  <testcase classname="testNgPack.Demo2" name="f2" time="0.001"/>
  <system-out>
    <![CDATA[from f2 method]]>
  </system-out>
  <testcase classname="testNgPack.Demo2" name="f3" time="0.001"/>
  <system-out>
    <![CDATA[from f3 method]]>
  </system-out>
</testsuite> <!-- testNgPack.Demo2 -->
