<?xml version="1.0" encoding="UTF-8"?>
<!-- Generated by org.testng.reporters.JUnitReportReporter -->
<testsuite hostname="LAPTOP-G4CGNTVT" failures="0" tests="4" name="takeScreenshotDynamic.Test1" time="1.998" errors="0" timestamp="2023-01-26T22:31:23 IST" skipped="0">
  <testcase classname="takeScreenshotDynamic.Test1" name="fail" time="0.009"/>
  <system-out/>
  <testcase classname="takeScreenshotDynamic.Test1" name="f1" time="0.002"/>
  <system-out>
    <![CDATA[This is method  2]]>
  </system-out>
  <testcase classname="takeScreenshotDynamic.Test1" name="initialization" time="1.981"/>
  <system-out/>
  <testcase classname="takeScreenshotDynamic.Test1" name="f" time="0.006"/>
  <system-out>
    <![CDATA[This is method 1]]>
  </system-out>
</testsuite> <!-- takeScreenshotDynamic.Test1 -->
